mode: set
github.com/gustavNdamukong/hotel-bookings/cmd/web/main.go:23.13,27.16 2 0
github.com/gustavNdamukong/hotel-bookings/cmd/web/main.go:27.16,29.3 1 0
github.com/gustavNdamukong/hotel-bookings/cmd/web/main.go:31.2,40.16 4 0
github.com/gustavNdamukong/hotel-bookings/cmd/web/main.go:43.18,71.16 11 1
github.com/gustavNdamukong/hotel-bookings/cmd/web/main.go:71.16,74.3 2 0
github.com/gustavNdamukong/hotel-bookings/cmd/web/main.go:76.2,88.12 7 1
github.com/gustavNdamukong/hotel-bookings/cmd/web/middleware.go:10.45,22.2 3 1
github.com/gustavNdamukong/hotel-bookings/cmd/web/middleware.go:26.50,30.2 1 1
github.com/gustavNdamukong/hotel-bookings/cmd/web/routes.go:12.49,37.2 18 1
